01-19 01:52 cartographer.client INFO     Initialized geoclient
01-19 01:52 cartographer.client WARNING  Bypassing SSL verification
01-19 01:52 cartographer.client INFO     Setting google api_key to kjflsd
01-19 01:52 cartographer.client INFO     Querrying address for 3618+Garrott+Street+Houston+
01-19 01:52 cartographer.client INFO     Sending get request to https://maps.googleapis.com/maps/api/geocode/json?address=3618+Garrott+Street+Houston+
01-19 01:52 cartographer.client INFO     Raw response recd from server: {
   "results" : [
      {
         "address_components" : [
            {
               "long_name" : "3618",
               "short_name" : "3618",
               "types" : [ "street_number" ]
            },
            {
               "long_name" : "Garrott Street",
               "short_name" : "Garrott St",
               "types" : [ "route" ]
            },
            {
               "long_name" : "Montrose",
               "short_name" : "Montrose",
               "types" : [ "neighborhood", "political" ]
            },
            {
               "long_name" : "Houston",
               "short_name" : "Houston",
               "types" : [ "locality", "political" ]
            },
            {
               "long_name" : "Harris County",
               "short_name" : "Harris County",
               "types" : [ "administrative_area_level_2", "political" ]
            },
            {
               "long_name" : "Texas",
               "short_name" : "TX",
               "types" : [ "administrative_area_level_1", "political" ]
            },
            {
               "long_name" : "United States",
               "short_name" : "US",
               "types" : [ "country", "political" ]
            },
            {
               "long_name" : "77006",
               "short_name" : "77006",
               "types" : [ "postal_code" ]
            }
         ],
         "formatted_address" : "3618 Garrott St, Houston, TX 77006, USA",
         "geometry" : {
            "location" : {
               "lat" : 29.7400054,
               "lng" : -95.38579500000002
            },
            "location_type" : "ROOFTOP",
            "viewport" : {
               "northeast" : {
                  "lat" : 29.7413543802915,
                  "lng" : -95.38444601970852
               },
               "southwest" : {
                  "lat" : 29.7386564197085,
                  "lng" : -95.38714398029153
               }
            }
         },
         "place_id" : "ChIJSZmHA2W_QIYREyCmQWVayNs",
         "types" : [ "street_address" ]
      }
   ],
   "status" : "OK"
}

01-19 01:52 cartographer.client INFO     Parsed JSON response : {u'status': u'OK', u'results': [{u'geometry': {u'location': {u'lat': 29.7400054, u'lng': -95.38579500000002}, u'viewport': {u'northeast': {u'lat': 29.7413543802915, u'lng': -95.38444601970852}, u'southwest': {u'lat': 29.7386564197085, u'lng': -95.38714398029153}}, u'location_type': u'ROOFTOP'}, u'address_components': [{u'long_name': u'3618', u'types': [u'street_number'], u'short_name': u'3618'}, {u'long_name': u'Garrott Street', u'types': [u'route'], u'short_name': u'Garrott St'}, {u'long_name': u'Montrose', u'types': [u'neighborhood', u'political'], u'short_name': u'Montrose'}, {u'long_name': u'Houston', u'types': [u'locality', u'political'], u'short_name': u'Houston'}, {u'long_name': u'Harris County', u'types': [u'administrative_area_level_2', u'political'], u'short_name': u'Harris County'}, {u'long_name': u'Texas', u'types': [u'administrative_area_level_1', u'political'], u'short_name': u'TX'}, {u'long_name': u'United States', u'types': [u'country', u'political'], u'short_name': u'US'}, {u'long_name': u'77006', u'types': [u'postal_code'], u'short_name': u'77006'}], u'place_id': u'ChIJSZmHA2W_QIYREyCmQWVayNs', u'formatted_address': u'3618 Garrott St, Houston, TX 77006, USA', u'types': [u'street_address']}]}
01-19 01:52 cartographer.geo_point INFO     Address: 3618 Garrott St, Houston, TX 77006, USA
01-19 01:52 cartographer.geo_point INFO     Latitude: 29.7400054
01-19 01:52 cartographer.geo_point INFO     Longitude: -95.385795
01-19 14:57 cartographer.client INFO     Initialized geoclient
01-19 14:57 cartographer.client WARNING  Bypassing SSL verification
01-19 14:57 cartographer.client INFO     Setting here app_id to  and app_code to 
01-19 14:57 cartographer.client INFO     Querrying address for saf+
01-19 14:57 cartographer.client INFO     Sending get request to https://geocoder.cit.api.here.com/6.2/geocode.json?app_id=&app_code=&searchtext=saf+
01-19 14:57 cartographer.client ERROR    HTTPError 400 with reason, Bad Request
01-19 14:57 __main__     WARNING  Here API returned None, trying Google API
01-19 14:57 cartographer.client INFO     Setting google api_key to 
01-19 14:57 cartographer.client INFO     Sending get request to https://maps.googleapis.com/maps/api/geocode/json?address=saf+
01-19 14:57 cartographer.client INFO     Raw response recd from server: {
   "results" : [
      {
         "address_components" : [
            {
               "long_name" : "4356",
               "short_name" : "4356",
               "types" : [ "street_number" ]
            },
            {
               "long_name" : "Caterpillar Road",
               "short_name" : "Caterpillar Rd",
               "types" : [ "route" ]
            },
            {
               "long_name" : "Mountain Lakes",
               "short_name" : "Mountain Lakes",
               "types" : [ "neighborhood", "political" ]
            },
            {
               "long_name" : "Redding",
               "short_name" : "Redding",
               "types" : [ "locality", "political" ]
            },
            {
               "long_name" : "Shasta County",
               "short_name" : "Shasta County",
               "types" : [ "administrative_area_level_2", "political" ]
            },
            {
               "long_name" : "California",
               "short_name" : "CA",
               "types" : [ "administrative_area_level_1", "political" ]
            },
            {
               "long_name" : "United States",
               "short_name" : "US",
               "types" : [ "country", "political" ]
            },
            {
               "long_name" : "96003",
               "short_name" : "96003",
               "types" : [ "postal_code" ]
            },
            {
               "long_name" : "1422",
               "short_name" : "1422",
               "types" : [ "postal_code_suffix" ]
            }
         ],
         "formatted_address" : "4356 Caterpillar Rd, Redding, CA 96003, USA",
         "geometry" : {
            "location" : {
               "lat" : 40.626157,
               "lng" : -122.3857651
            },
            "location_type" : "ROOFTOP",
            "viewport" : {
               "northeast" : {
                  "lat" : 40.6275059802915,
                  "lng" : -122.3844161197085
               },
               "southwest" : {
                  "lat" : 40.6248080197085,
                  "lng" : -122.3871140802915
               }
            }
         },
         "place_id" : "ChIJRxd4AlmN0lQRRkCJSZVwlo4",
         "types" : [ "establishment", "point_of_interest" ]
      }
   ],
   "status" : "OK"
}

01-19 14:57 cartographer.geo_point INFO     Address: 4356 Caterpillar Rd, Redding, CA 96003, USA
01-19 14:57 cartographer.geo_point INFO     Latitude: 40.626157
01-19 14:57 cartographer.geo_point INFO     Longitude: -122.3857651
01-19 15:05 cartographer.client INFO     Initialized geoclient
01-19 15:05 cartographer.client WARNING  Bypassing SSL verification
01-19 15:05 cartographer.client INFO     Setting here app_id to  and app_code to 
01-19 15:05 cartographer.client INFO     Querrying address for 3451+Walnut+Street+Philadelphia+
01-19 15:05 cartographer.client INFO     Sending get request to https://geocoder.cit.api.here.com/6.2/geocode.json?app_id=&app_code=&searchtext=3451+Walnut+Street+Philadelphia+
01-19 15:05 cartographer.client ERROR    HTTPError 400 with reason, Bad Request
01-19 15:05 __main__     WARNING  Here API returned None, trying Google API
01-19 15:05 cartographer.client INFO     Setting google api_key to 
01-19 15:05 cartographer.client INFO     Sending get request to https://maps.googleapis.com/maps/api/geocode/json?address=3451+Walnut+Street+Philadelphia+
01-19 15:05 cartographer.client INFO     Raw response recd from server: {
   "results" : [
      {
         "address_components" : [
            {
               "long_name" : "Franklin Building",
               "short_name" : "Franklin Building",
               "types" : [ "premise" ]
            },
            {
               "long_name" : "3451",
               "short_name" : "3451",
               "types" : [ "street_number" ]
            },
            {
               "long_name" : "Walnut Street",
               "short_name" : "Walnut St",
               "types" : [ "route" ]
            },
            {
               "long_name" : "University City",
               "short_name" : "University City",
               "types" : [ "neighborhood", "political" ]
            },
            {
               "long_name" : "Philadelphia",
               "short_name" : "Philadelphia",
               "types" : [ "locality", "political" ]
            },
            {
               "long_name" : "Philadelphia County",
               "short_name" : "Philadelphia County",
               "types" : [ "administrative_area_level_2", "political" ]
            },
            {
               "long_name" : "Pennsylvania",
               "short_name" : "PA",
               "types" : [ "administrative_area_level_1", "political" ]
            },
            {
               "long_name" : "United States",
               "short_name" : "US",
               "types" : [ "country", "political" ]
            },
            {
               "long_name" : "19104",
               "short_name" : "19104",
               "types" : [ "postal_code" ]
            }
         ],
         "formatted_address" : "Franklin Building, 3451 Walnut St, Philadelphia, PA 19104, USA",
         "geometry" : {
            "bounds" : {
               "northeast" : {
                  "lat" : 39.9534554,
                  "lng" : -75.1936051
               },
               "southwest" : {
                  "lat" : 39.9531218,
                  "lng" : -75.1940879
               }
            },
            "location" : {
               "lat" : 39.9533837,
               "lng" : -75.1938205
            },
            "location_type" : "ROOFTOP",
            "viewport" : {
               "northeast" : {
                  "lat" : 39.9546375802915,
                  "lng" : -75.1924975197085
               },
               "southwest" : {
                  "lat" : 39.9519396197085,
                  "lng" : -75.1951954802915
               }
            }
         },
         "place_id" : "ChIJCdZ0n1DGxokRta9QvkuT_xE",
         "types" : [ "premise" ]
      }
   ],
   "status" : "OK"
}

01-19 15:05 cartographer.geo_point INFO     Address: Franklin Building, 3451 Walnut St, Philadelphia, PA 19104, USA
01-19 15:05 cartographer.geo_point INFO     Latitude: 39.9533837
01-19 15:05 cartographer.geo_point INFO     Longitude: -75.1938205
01-19 15:06 cartographer.client INFO     Initialized geoclient
01-19 15:06 cartographer.client WARNING  Bypassing SSL verification
01-19 15:07 cartographer.client INFO     Setting here app_id to SXlp6ZNY2WbxLZA2KK9c and app_code to zYyz6W7wkgMHhaKuxHQO-w
01-19 15:08 cartographer.client INFO     Querrying address for [3:04+PM,+1/19/2018]++1+(267)+815-5978:+3451+Walnut+Street+Philadelphia+
01-19 15:08 cartographer.client INFO     Sending get request to https://geocoder.cit.api.here.com/6.2/geocode.json?app_id=SXlp6ZNY2WbxLZA2KK9c&app_code=zYyz6W7wkgMHhaKuxHQO-w&searchtext=[3:04+PM,+1/19/2018]++1+(267)+815-5978:+3451+Walnut+Street+Philadelphia+
01-19 15:08 cartographer.client INFO     Raw response recd from server: {"Response":{"MetaInfo":{"Timestamp":"2018-01-19T21:08:04.482+0000"},"View":[{"_type":"SearchResultsViewType","ViewId":0,"Result":[{"Relevance":0.68,"MatchLevel":"houseNumber","MatchQuality":{"City":1.0,"Street":[1.0],"HouseNumber":0.99,"PostalCode":0.64},"MatchType":"interpolated","Location":{"LocationId":"NT_e3A7jvfrshLq62ogziv4aB_1kzN4A","LocationType":"point","DisplayPosition":{"Latitude":39.9587096,"Longitude":-75.2408688},"NavigationPosition":[{"Latitude":39.9588438,"Longitude":-75.2408515}],"MapView":{"TopLeft":{"Latitude":39.9598337,"Longitude":-75.2423354},"BottomRight":{"Latitude":39.9575854,"Longitude":-75.2394022}},"Address":{"Label":"5978 Walnut St, Philadelphia, PA 19139, United States","Country":"USA","State":"PA","County":"Philadelphia","City":"Philadelphia","District":"Cobbs Creek","Street":"Walnut St","HouseNumber":"5978","PostalCode":"19139","AdditionalData":[{"value":"United States","key":"CountryName"},{"value":"Pennsylvania","key":"StateName"},{"value":"Philadelphia","key":"CountyName"},{"value":"N","key":"PostalCodeType"}]}}}]}]}}
01-19 15:08 cartographer.geo_point INFO     Address: 5978 Walnut St, Philadelphia, PA 19139, United States
01-19 15:08 cartographer.geo_point INFO     Latitude: 39.9587096
01-19 15:08 cartographer.geo_point INFO     Longitude: -75.2408688
01-19 15:11 cartographer.client INFO     Initialized geoclient
01-19 15:11 cartographer.client WARNING  Bypassing SSL verification
01-19 15:11 cartographer.client INFO     Setting here app_id to SXlp6ZNY2WbxLZA2KK9c and app_code to zYyz6W7wkgMHhaKuxHQO-w
01-19 15:11 cartographer.client INFO     Querrying address for 3451+Walnut+Street+Philadelphia+
01-19 15:11 cartographer.client INFO     Sending get request to https://geocoder.cit.api.here.com/6.2/geocode.json?app_id=SXlp6ZNY2WbxLZA2KK9c&app_code=zYyz6W7wkgMHhaKuxHQO-w&searchtext=3451+Walnut+Street+Philadelphia+
01-19 15:11 cartographer.client INFO     Raw response recd from server: {"Response":{"MetaInfo":{"Timestamp":"2018-01-19T21:11:46.744+0000"},"View":[{"_type":"SearchResultsViewType","ViewId":0,"Result":[{"Relevance":1.0,"MatchLevel":"houseNumber","MatchQuality":{"City":1.0,"Street":[1.0],"HouseNumber":1.0},"MatchType":"interpolated","Location":{"LocationId":"NT_SrDEKbCG3LOl5MuswWeAVC_zQTNxA","LocationType":"point","DisplayPosition":{"Latitude":39.9531449,"Longitude":-75.1939067},"NavigationPosition":[{"Latitude":39.95301,"Longitude":-75.1939067}],"MapView":{"TopLeft":{"Latitude":39.9542691,"Longitude":-75.1953731},"BottomRight":{"Latitude":39.9520207,"Longitude":-75.1924402}},"Address":{"Label":"3451 Walnut St, Philadelphia, PA 19104, United States","Country":"USA","State":"PA","County":"Philadelphia","City":"Philadelphia","District":"University City","Street":"Walnut St","HouseNumber":"3451","PostalCode":"19104","AdditionalData":[{"value":"United States","key":"CountryName"},{"value":"Pennsylvania","key":"StateName"},{"value":"Philadelphia","key":"CountyName"},{"value":"N","key":"PostalCodeType"}]}}}]}]}}
01-19 15:11 cartographer.geo_point INFO     Address: 3451 Walnut St, Philadelphia, PA 19104, United States
01-19 15:11 cartographer.geo_point INFO     Latitude: 39.9531449
01-19 15:11 cartographer.geo_point INFO     Longitude: -75.1939067
01-19 15:17 cartographer.client INFO     Initialized geoclient
01-19 15:17 cartographer.client WARNING  Bypassing SSL verification
01-19 15:17 cartographer.client INFO     Setting here app_id to  and app_code to 
01-19 15:17 cartographer.client INFO     Initialized geoclient
01-19 15:17 cartographer.client WARNING  Bypassing SSL verification
01-19 15:17 cartographer.client INFO     Setting here app_id to  and app_code to 
01-19 15:24 cartographer.client INFO     Initialized geoclient
01-19 15:24 cartographer.client WARNING  Bypassing SSL verification
01-19 15:24 cartographer.client INFO     Setting here app_id to  and app_code to 
01-19 15:24 __main__     WARNING  Here API returned None, trying Google API
01-19 15:24 cartographer.client INFO     Setting google api_key to 
01-19 15:24 __main__     WARNING  Both API returned None
01-19 15:25 cartographer.client INFO     Initialized geoclient
01-19 15:25 cartographer.client WARNING  Bypassing SSL verification
01-19 15:25 cartographer.client INFO     Setting here app_id to  and app_code to 
01-19 15:25 __main__     WARNING  Here API returned None, trying Google API
01-19 15:25 cartographer.client INFO     Setting google api_key to 
01-19 15:25 __main__     WARNING  Both API returned None
01-19 15:25 cartographer.client INFO     Initialized geoclient
01-19 15:25 cartographer.client WARNING  Bypassing SSL verification
01-19 15:25 cartographer.client INFO     Setting here app_id to  and app_code to 
01-19 15:25 __main__     WARNING  Here API returned None, trying Google API
01-19 15:25 cartographer.client INFO     Setting google api_key to 
01-19 15:25 __main__     WARNING  Both API returned None
01-19 15:54 cartographer.client INFO     Initialized geoclient
01-19 15:54 cartographer.client WARNING  Bypassing SSL verification
01-19 15:54 cartographer.client INFO     Setting google api_key to 
01-19 15:54 cartographer.client INFO     Querrying address for th+ksdf+iew+
01-19 15:54 cartographer.client INFO     Sending get request to https://maps.googleapis.com/maps/api/geocode/json?address=th+ksdf+iew+
01-19 15:54 cartographer.client INFO     Raw response recd from server: {
   "results" : [],
   "status" : "ZERO_RESULTS"
}

01-19 15:54 cartographer.client ERROR    Bad request for google API, status received: ZERO_RESULTS
01-19 15:54 __main__     WARNING  Google API returned None, trying here API
01-19 15:54 cartographer.client INFO     Setting here app_id to  and app_code to 
01-19 15:54 cartographer.client INFO     Sending get request to https://geocoder.cit.api.here.com/6.2/geocode.json?app_id=&app_code=&searchtext=th+ksdf+iew+
01-19 15:54 cartographer.client ERROR    HTTPError 400 with reason, Bad Request
01-19 15:54 __main__     WARNING  Both API returned None
